Analysis & Synthesis report for proj
Fri Nov 17 19:42:00 2023
Quartus Prime Version 22.1std.2 Build 922 07/20/2023 SC Lite Edition


---------------------
; Table of Contents ;
---------------------
  1. Legal Notice
  2. Analysis & Synthesis Summary
  3. Analysis & Synthesis Settings
  4. Parallel Compilation
  5. Analysis & Synthesis Source Files Read
  6. Analysis & Synthesis Resource Usage Summary
  7. Analysis & Synthesis Resource Utilization by Entity
  8. Analysis & Synthesis RAM Summary
  9. Registers Removed During Synthesis
 10. General Register Statistics
 11. Registers Packed Into Inferred Megafunctions
 12. Multiplexer Restructuring Statistics (Restructuring Performed)
 13. Source assignments for blockram:blockram|altsyncram:ram_rtl_0|altsyncram_faa2:auto_generated
 14. Parameter Settings for User Entity Instance: Top-level Entity: |top
 15. Parameter Settings for User Entity Instance: blockram:blockram
 16. Parameter Settings for User Entity Instance: vga:video
 17. Parameter Settings for Inferred Entity Instance: blockram:blockram|altsyncram:ram_rtl_0
 18. altsyncram Parameter Settings by Entity Instance
 19. Post-Synthesis Netlist Statistics for Top Partition
 20. Elapsed Time Per Partition
 21. Analysis & Synthesis Messages
 22. Analysis & Synthesis Suppressed Messages



----------------
; Legal Notice ;
----------------
Copyright (C) 2023  Intel Corporation. All rights reserved.
Your use of Intel Corporation's design tools, logic functions 
and other software and tools, and any partner logic 
functions, and any output files from any of the foregoing 
(including device programming or simulation files), and any 
associated documentation or information are expressly subject 
to the terms and conditions of the Intel Program License 
Subscription Agreement, the Intel Quartus Prime License Agreement,
the Intel FPGA IP License Agreement, or other applicable license
agreement, including, without limitation, that your use is for
the sole purpose of programming logic devices manufactured by
Intel and sold by Intel or its authorized distributors.  Please
refer to the applicable agreement for further details, at
https://fpgasoftware.intel.com/eula.



+-------------------------------------------------------------------------------------+
; Analysis & Synthesis Summary                                                        ;
+------------------------------------+------------------------------------------------+
; Analysis & Synthesis Status        ; Successful - Fri Nov 17 19:42:00 2023          ;
; Quartus Prime Version              ; 22.1std.2 Build 922 07/20/2023 SC Lite Edition ;
; Revision Name                      ; proj                                           ;
; Top-level Entity Name              ; top                                            ;
; Family                             ; Cyclone IV E                                   ;
; Total logic elements               ; 4,414                                          ;
;     Total combinational functions  ; 3,421                                          ;
;     Dedicated logic registers      ; 1,083                                          ;
; Total registers                    ; 1083                                           ;
; Total pins                         ; 30                                             ;
; Total virtual pins                 ; 0                                              ;
; Total memory bits                  ; 38,400                                         ;
; Embedded Multiplier 9-bit elements ; 0                                              ;
; Total PLLs                         ; 0                                              ;
+------------------------------------+------------------------------------------------+


+------------------------------------------------------------------------------------------------------------+
; Analysis & Synthesis Settings                                                                              ;
+------------------------------------------------------------------+--------------------+--------------------+
; Option                                                           ; Setting            ; Default Value      ;
+------------------------------------------------------------------+--------------------+--------------------+
; Device                                                           ; EP4CE115F29C7      ;                    ;
; Top-level entity name                                            ; top                ; proj               ;
; Family name                                                      ; Cyclone IV E       ; Cyclone V          ;
; Use smart compilation                                            ; Off                ; Off                ;
; Enable parallel Assembler and Timing Analyzer during compilation ; On                 ; On                 ;
; Enable compact report table                                      ; Off                ; Off                ;
; Restructure Multiplexers                                         ; Auto               ; Auto               ;
; Create Debugging Nodes for IP Cores                              ; Off                ; Off                ;
; Preserve fewer node names                                        ; On                 ; On                 ;
; Intel FPGA IP Evaluation Mode                                    ; Enable             ; Enable             ;
; Verilog Version                                                  ; Verilog_2001       ; Verilog_2001       ;
; VHDL Version                                                     ; VHDL_1993          ; VHDL_1993          ;
; State Machine Processing                                         ; Auto               ; Auto               ;
; Safe State Machine                                               ; Off                ; Off                ;
; Extract Verilog State Machines                                   ; On                 ; On                 ;
; Extract VHDL State Machines                                      ; On                 ; On                 ;
; Ignore Verilog initial constructs                                ; Off                ; Off                ;
; Iteration limit for constant Verilog loops                       ; 5000               ; 5000               ;
; Iteration limit for non-constant Verilog loops                   ; 250                ; 250                ;
; Add Pass-Through Logic to Inferred RAMs                          ; On                 ; On                 ;
; Infer RAMs from Raw Logic                                        ; On                 ; On                 ;
; Parallel Synthesis                                               ; On                 ; On                 ;
; DSP Block Balancing                                              ; Auto               ; Auto               ;
; NOT Gate Push-Back                                               ; On                 ; On                 ;
; Power-Up Don't Care                                              ; On                 ; On                 ;
; Remove Redundant Logic Cells                                     ; Off                ; Off                ;
; Remove Duplicate Registers                                       ; On                 ; On                 ;
; Ignore CARRY Buffers                                             ; Off                ; Off                ;
; Ignore CASCADE Buffers                                           ; Off                ; Off                ;
; Ignore GLOBAL Buffers                                            ; Off                ; Off                ;
; Ignore ROW GLOBAL Buffers                                        ; Off                ; Off                ;
; Ignore LCELL Buffers                                             ; Off                ; Off                ;
; Ignore SOFT Buffers                                              ; On                 ; On                 ;
; Limit AHDL Integers to 32 Bits                                   ; Off                ; Off                ;
; Optimization Technique                                           ; Balanced           ; Balanced           ;
; Carry Chain Length                                               ; 70                 ; 70                 ;
; Auto Carry Chains                                                ; On                 ; On                 ;
; Auto Open-Drain Pins                                             ; On                 ; On                 ;
; Perform WYSIWYG Primitive Resynthesis                            ; Off                ; Off                ;
; Auto ROM Replacement                                             ; On                 ; On                 ;
; Auto RAM Replacement                                             ; On                 ; On                 ;
; Auto DSP Block Replacement                                       ; On                 ; On                 ;
; Auto Shift Register Replacement                                  ; Auto               ; Auto               ;
; Allow Shift Register Merging across Hierarchies                  ; Auto               ; Auto               ;
; Auto Clock Enable Replacement                                    ; On                 ; On                 ;
; Strict RAM Replacement                                           ; Off                ; Off                ;
; Allow Synchronous Control Signals                                ; On                 ; On                 ;
; Force Use of Synchronous Clear Signals                           ; Off                ; Off                ;
; Auto RAM Block Balancing                                         ; On                 ; On                 ;
; Auto RAM to Logic Cell Conversion                                ; Off                ; Off                ;
; Auto Resource Sharing                                            ; Off                ; Off                ;
; Allow Any RAM Size For Recognition                               ; Off                ; Off                ;
; Allow Any ROM Size For Recognition                               ; Off                ; Off                ;
; Allow Any Shift Register Size For Recognition                    ; Off                ; Off                ;
; Use LogicLock Constraints during Resource Balancing              ; On                 ; On                 ;
; Ignore translate_off and synthesis_off directives                ; Off                ; Off                ;
; Timing-Driven Synthesis                                          ; On                 ; On                 ;
; Report Parameter Settings                                        ; On                 ; On                 ;
; Report Source Assignments                                        ; On                 ; On                 ;
; Report Connectivity Checks                                       ; On                 ; On                 ;
; Ignore Maximum Fan-Out Assignments                               ; Off                ; Off                ;
; Synchronization Register Chain Length                            ; 2                  ; 2                  ;
; Power Optimization During Synthesis                              ; Normal compilation ; Normal compilation ;
; HDL message level                                                ; Level2             ; Level2             ;
; Suppress Register Optimization Related Messages                  ; Off                ; Off                ;
; Number of Removed Registers Reported in Synthesis Report         ; 5000               ; 5000               ;
; Number of Swept Nodes Reported in Synthesis Report               ; 5000               ; 5000               ;
; Number of Inverted Registers Reported in Synthesis Report        ; 100                ; 100                ;
; Clock MUX Protection                                             ; On                 ; On                 ;
; Auto Gated Clock Conversion                                      ; Off                ; Off                ;
; Block Design Naming                                              ; Auto               ; Auto               ;
; SDC constraint protection                                        ; Off                ; Off                ;
; Synthesis Effort                                                 ; Auto               ; Auto               ;
; Shift Register Replacement - Allow Asynchronous Clear Signal     ; On                 ; On                 ;
; Pre-Mapping Resynthesis Optimization                             ; Off                ; Off                ;
; Analysis & Synthesis Message Level                               ; Medium             ; Medium             ;
; Disable Register Merging Across Hierarchies                      ; Auto               ; Auto               ;
; Resource Aware Inference For Block RAM                           ; On                 ; On                 ;
+------------------------------------------------------------------+--------------------+--------------------+


+------------------------------------------+
; Parallel Compilation                     ;
+----------------------------+-------------+
; Processors                 ; Number      ;
+----------------------------+-------------+
; Number detected on machine ; 4           ;
; Maximum allowed            ; 4           ;
;                            ;             ;
; Average used               ; 1.00        ;
; Maximum used               ; 4           ;
;                            ;             ;
; Usage by Processor         ; % Time Used ;
;     Processor 1            ; 100.0%      ;
;     Processor 2            ;   0.1%      ;
;     Processor 3            ;   0.0%      ;
;     Processor 4            ;   0.0%      ;
+----------------------------+-------------+


+-----------------------------------------------------------------------------------------------------------------------------------------------------------------------------------------------------------------------------------+
; Analysis & Synthesis Source Files Read                                                                                                                                                                                            ;
+----------------------------------------+-----------------+-------------------------------------------------------+------------------------------------------------------------------------------------------------------+---------+
; File Name with User-Entered Path       ; Used in Netlist ; File Type                                             ; File Name with Absolute Path                                                                         ; Library ;
+----------------------------------------+-----------------+-------------------------------------------------------+------------------------------------------------------------------------------------------------------+---------+
; top.v                                  ; yes             ; Auto-Found Verilog HDL File                           ; /home/martins/Documents/Frankens_RISCV/Frankenstein_monociclo/top.v                                  ;         ;
; power_on_reset.v                       ; yes             ; Auto-Found Verilog HDL File                           ; /home/martins/Documents/Frankens_RISCV/Frankenstein_monociclo/power_on_reset.v                       ;         ;
; franken_riscv.v                        ; yes             ; Auto-Found Verilog HDL File                           ; /home/martins/Documents/Frankens_RISCV/Frankenstein_monociclo/franken_riscv.v                        ;         ;
; imem.sv                                ; yes             ; Auto-Found SystemVerilog HDL File                     ; /home/martins/Documents/Frankens_RISCV/Frankenstein_monociclo/imem.sv                                ;         ;
; blockram.sv                            ; yes             ; Auto-Found SystemVerilog HDL File                     ; /home/martins/Documents/Frankens_RISCV/Frankenstein_monociclo/blockram.sv                            ;         ;
; vga.v                                  ; yes             ; Auto-Found Verilog HDL File                           ; /home/martins/Documents/Frankens_RISCV/Frankenstein_monociclo/vga.v                                  ;         ;
; altsyncram.tdf                         ; yes             ; Megafunction                                          ; /home/martins/intelFPGA_lite/22.1std/quartus/libraries/megafunctions/altsyncram.tdf                  ;         ;
; stratix_ram_block.inc                  ; yes             ; Megafunction                                          ; /home/martins/intelFPGA_lite/22.1std/quartus/libraries/megafunctions/stratix_ram_block.inc           ;         ;
; lpm_mux.inc                            ; yes             ; Megafunction                                          ; /home/martins/intelFPGA_lite/22.1std/quartus/libraries/megafunctions/lpm_mux.inc                     ;         ;
; lpm_decode.inc                         ; yes             ; Megafunction                                          ; /home/martins/intelFPGA_lite/22.1std/quartus/libraries/megafunctions/lpm_decode.inc                  ;         ;
; aglobal221.inc                         ; yes             ; Megafunction                                          ; /home/martins/intelFPGA_lite/22.1std/quartus/libraries/megafunctions/aglobal221.inc                  ;         ;
; a_rdenreg.inc                          ; yes             ; Megafunction                                          ; /home/martins/intelFPGA_lite/22.1std/quartus/libraries/megafunctions/a_rdenreg.inc                   ;         ;
; altrom.inc                             ; yes             ; Megafunction                                          ; /home/martins/intelFPGA_lite/22.1std/quartus/libraries/megafunctions/altrom.inc                      ;         ;
; altram.inc                             ; yes             ; Megafunction                                          ; /home/martins/intelFPGA_lite/22.1std/quartus/libraries/megafunctions/altram.inc                      ;         ;
; altdpram.inc                           ; yes             ; Megafunction                                          ; /home/martins/intelFPGA_lite/22.1std/quartus/libraries/megafunctions/altdpram.inc                    ;         ;
; db/altsyncram_faa2.tdf                 ; yes             ; Auto-Generated Megafunction                           ; /home/martins/Documents/Frankens_RISCV/Frankenstein_monociclo/db/altsyncram_faa2.tdf                 ;         ;
; db/proj.ram0_blockram_f5c15379.hdl.mif ; yes             ; Auto-Generated Auto-Found Memory Initialization File  ; /home/martins/Documents/Frankens_RISCV/Frankenstein_monociclo/db/proj.ram0_blockram_f5c15379.hdl.mif ;         ;
+----------------------------------------+-----------------+-------------------------------------------------------+------------------------------------------------------------------------------------------------------+---------+


+--------------------------------------------------------------+
; Analysis & Synthesis Resource Usage Summary                  ;
+---------------------------------------------+----------------+
; Resource                                    ; Usage          ;
+---------------------------------------------+----------------+
; Estimated Total logic elements              ; 4,414          ;
;                                             ;                ;
; Total combinational functions               ; 3421           ;
; Logic element usage by number of LUT inputs ;                ;
;     -- 4 input functions                    ; 2738           ;
;     -- 3 input functions                    ; 571            ;
;     -- <=2 input functions                  ; 112            ;
;                                             ;                ;
; Logic elements by mode                      ;                ;
;     -- normal mode                          ; 3143           ;
;     -- arithmetic mode                      ; 278            ;
;                                             ;                ;
; Total registers                             ; 1083           ;
;     -- Dedicated logic registers            ; 1083           ;
;     -- I/O registers                        ; 0              ;
;                                             ;                ;
; I/O pins                                    ; 30             ;
; Total memory bits                           ; 38400          ;
;                                             ;                ;
; Embedded Multiplier 9-bit elements          ; 0              ;
;                                             ;                ;
; Maximum fan-out node                        ; CLOCK_50~input ;
; Maximum fan-out                             ; 1089           ;
; Total fan-out                               ; 17029          ;
; Average fan-out                             ; 3.71           ;
+---------------------------------------------+----------------+


+------------------------------------------------------------------------------------------------------------------------------------------------------------------------------------------------------------------------------------------------------------------------------------+
; Analysis & Synthesis Resource Utilization by Entity                                                                                                                                                                                                                                ;
+-------------------------------------------+---------------------+---------------------------+-------------+--------------+---------+-----------+------+--------------+----------------------------------------------------------------------------+-----------------+--------------+
; Compilation Hierarchy Node                ; Combinational ALUTs ; Dedicated Logic Registers ; Memory Bits ; DSP Elements ; DSP 9x9 ; DSP 18x18 ; Pins ; Virtual Pins ; Full Hierarchy Name                                                        ; Entity Name     ; Library Name ;
+-------------------------------------------+---------------------+---------------------------+-------------+--------------+---------+-----------+------+--------------+----------------------------------------------------------------------------+-----------------+--------------+
; |top                                      ; 3421 (2)            ; 1083 (1)                  ; 38400       ; 0            ; 0       ; 0         ; 30   ; 0            ; |top                                                                       ; top             ; work         ;
;    |blockram:blockram|                    ; 4 (4)               ; 0 (0)                     ; 38400       ; 0            ; 0       ; 0         ; 0    ; 0            ; |top|blockram:blockram                                                     ; blockram        ; work         ;
;       |altsyncram:ram_rtl_0|              ; 0 (0)               ; 0 (0)                     ; 38400       ; 0            ; 0       ; 0         ; 0    ; 0            ; |top|blockram:blockram|altsyncram:ram_rtl_0                                ; altsyncram      ; work         ;
;          |altsyncram_faa2:auto_generated| ; 0 (0)               ; 0 (0)                     ; 38400       ; 0            ; 0       ; 0         ; 0    ; 0            ; |top|blockram:blockram|altsyncram:ram_rtl_0|altsyncram_faa2:auto_generated ; altsyncram_faa2 ; work         ;
;    |franken_riscv:franken_riscv|          ; 2506 (1061)         ; 1056 (32)                 ; 0           ; 0            ; 0       ; 0         ; 0    ; 0            ; |top|franken_riscv:franken_riscv                                           ; franken_riscv   ; work         ;
;       |regfile:regs|                      ; 1445 (1445)         ; 1024 (1024)               ; 0           ; 0            ; 0       ; 0         ; 0    ; 0            ; |top|franken_riscv:franken_riscv|regfile:regs                              ; regfile         ; work         ;
;    |imem:imem|                            ; 847 (847)           ; 0 (0)                     ; 0           ; 0            ; 0       ; 0         ; 0    ; 0            ; |top|imem:imem                                                             ; imem            ; work         ;
;    |vga:video|                            ; 62 (62)             ; 26 (26)                   ; 0           ; 0            ; 0       ; 0         ; 0    ; 0            ; |top|vga:video                                                             ; vga             ; work         ;
+-------------------------------------------+---------------------+---------------------------+-------------+--------------+---------+-----------+------+--------------+----------------------------------------------------------------------------+-----------------+--------------+
Note: For table entries with two numbers listed, the numbers in parentheses indicate the number of resources of the given type used by the specific entity alone. The numbers listed outside of parentheses indicate the total resources of the given type used by the specific entity and all of its sub-entities in the hierarchy.


+-----------------------------------------------------------------------------------------------------------------------------------------------------------------------------------------------------------------------+
; Analysis & Synthesis RAM Summary                                                                                                                                                                                      ;
+----------------------------------------------------------------------------------+------+----------------+--------------+--------------+--------------+--------------+-------+----------------------------------------+
; Name                                                                             ; Type ; Mode           ; Port A Depth ; Port A Width ; Port B Depth ; Port B Width ; Size  ; MIF                                    ;
+----------------------------------------------------------------------------------+------+----------------+--------------+--------------+--------------+--------------+-------+----------------------------------------+
; blockram:blockram|altsyncram:ram_rtl_0|altsyncram_faa2:auto_generated|ALTSYNCRAM ; AUTO ; True Dual Port ; 1200         ; 32           ; 1200         ; 32           ; 38400 ; db/proj.ram0_blockram_f5c15379.hdl.mif ;
+----------------------------------------------------------------------------------+------+----------------+--------------+--------------+--------------+--------------+-------+----------------------------------------+


+--------------------------------------------------------------------------------+
; Registers Removed During Synthesis                                             ;
+---------------------------------------+----------------------------------------+
; Register name                         ; Reason for Removal                     ;
+---------------------------------------+----------------------------------------+
; power_on_reset:power_on_reset|q[0..2] ; Stuck at VCC due to stuck port data_in ;
; Total Number of Removed Registers = 3 ;                                        ;
+---------------------------------------+----------------------------------------+


+------------------------------------------------------+
; General Register Statistics                          ;
+----------------------------------------------+-------+
; Statistic                                    ; Value ;
+----------------------------------------------+-------+
; Total registers                              ; 1083  ;
; Number of registers using Synchronous Clear  ; 0     ;
; Number of registers using Synchronous Load   ; 30    ;
; Number of registers using Asynchronous Clear ; 0     ;
; Number of registers using Asynchronous Load  ; 0     ;
; Number of registers using Clock Enable       ; 1036  ;
; Number of registers using Preset             ; 0     ;
+----------------------------------------------+-------+


+-----------------------------------------------------------------------------+
; Registers Packed Into Inferred Megafunctions                                ;
+----------------------------------------+-----------------------------+------+
; Register Name                          ; Megafunction                ; Type ;
+----------------------------------------+-----------------------------+------+
; blockram:blockram|data_reg1[0..31]     ; blockram:blockram|ram_rtl_0 ; RAM  ;
; blockram:blockram|data_reg2[0,8,16,24] ; blockram:blockram|ram_rtl_0 ; RAM  ;
+----------------------------------------+-----------------------------+------+


+---------------------------------------------------------------------------------------------------------------------------------------------------------------+
; Multiplexer Restructuring Statistics (Restructuring Performed)                                                                                                ;
+--------------------+-----------+---------------+----------------------+------------------------+------------+-------------------------------------------------+
; Multiplexer Inputs ; Bus Width ; Baseline Area ; Area if Restructured ; Saving if Restructured ; Registered ; Example Multiplexer Output                      ;
+--------------------+-----------+---------------+----------------------+------------------------+------------+-------------------------------------------------+
; 4:1                ; 2 bits    ; 4 LEs         ; 2 LEs                ; 2 LEs                  ; Yes        ; |top|franken_riscv:franken_riscv|pc[1]          ;
; 5:1                ; 30 bits   ; 90 LEs        ; 60 LEs               ; 30 LEs                 ; Yes        ; |top|franken_riscv:franken_riscv|pc[5]          ;
; 3:1                ; 5 bits    ; 10 LEs        ; 10 LEs               ; 0 LEs                  ; No         ; |top|franken_riscv:franken_riscv|comb           ;
; 3:1                ; 11 bits   ; 22 LEs        ; 22 LEs               ; 0 LEs                  ; No         ; |top|franken_riscv:franken_riscv|imm[30]        ;
; 3:1                ; 8 bits    ; 16 LEs        ; 16 LEs               ; 0 LEs                  ; No         ; |top|franken_riscv:franken_riscv|imm[12]        ;
; 3:1                ; 8 bits    ; 16 LEs        ; 16 LEs               ; 0 LEs                  ; No         ; |top|franken_riscv:franken_riscv|write_data[24] ;
; 4:1                ; 6 bits    ; 12 LEs        ; 6 LEs                ; 6 LEs                  ; No         ; |top|franken_riscv:franken_riscv|imm[7]         ;
; 5:1                ; 4 bits    ; 12 LEs        ; 8 LEs                ; 4 LEs                  ; No         ; |top|franken_riscv:franken_riscv|imm[4]         ;
; 6:1                ; 8 bits    ; 32 LEs        ; 24 LEs               ; 8 LEs                  ; No         ; |top|franken_riscv:franken_riscv|comb           ;
; 17:1               ; 5 bits    ; 55 LEs        ; 45 LEs               ; 10 LEs                 ; No         ; |top|franken_riscv:franken_riscv|alu_result[11] ;
; 18:1               ; 4 bits    ; 48 LEs        ; 40 LEs               ; 8 LEs                  ; No         ; |top|franken_riscv:franken_riscv|alu_result[4]  ;
; 19:1               ; 3 bits    ; 36 LEs        ; 30 LEs               ; 6 LEs                  ; No         ; |top|franken_riscv:franken_riscv|comb           ;
; 19:1               ; 2 bits    ; 24 LEs        ; 20 LEs               ; 4 LEs                  ; No         ; |top|franken_riscv:franken_riscv|alu_result[3]  ;
; 19:1               ; 8 bits    ; 96 LEs        ; 80 LEs               ; 16 LEs                 ; No         ; |top|franken_riscv:franken_riscv|comb           ;
; 20:1               ; 4 bits    ; 52 LEs        ; 44 LEs               ; 8 LEs                  ; No         ; |top|franken_riscv:franken_riscv|comb           ;
; 21:1               ; 2 bits    ; 28 LEs        ; 24 LEs               ; 4 LEs                  ; No         ; |top|franken_riscv:franken_riscv|comb           ;
; 22:1               ; 2 bits    ; 28 LEs        ; 24 LEs               ; 4 LEs                  ; No         ; |top|franken_riscv:franken_riscv|comb           ;
+--------------------+-----------+---------------+----------------------+------------------------+------------+-------------------------------------------------+


+----------------------------------------------------------------------------------------------+
; Source assignments for blockram:blockram|altsyncram:ram_rtl_0|altsyncram_faa2:auto_generated ;
+---------------------------------+--------------------+------+--------------------------------+
; Assignment                      ; Value              ; From ; To                             ;
+---------------------------------+--------------------+------+--------------------------------+
; OPTIMIZE_POWER_DURING_SYNTHESIS ; NORMAL_COMPILATION ; -    ; -                              ;
+---------------------------------+--------------------+------+--------------------------------+


+---------------------------------------------------------------------+
; Parameter Settings for User Entity Instance: Top-level Entity: |top ;
+----------------+-------+--------------------------------------------+
; Parameter Name ; Value ; Type                                       ;
+----------------+-------+--------------------------------------------+
; VGA_BITS       ; 8     ; Signed Integer                             ;
+----------------+-------+--------------------------------------------+
Note: In order to hide this table in the UI and the text report file, please set the "Show Parameter Settings in Synthesis Report" option in "Analysis and Synthesis Settings -> More Settings" to "Off".


+----------------------------------------------------------------+
; Parameter Settings for User Entity Instance: blockram:blockram ;
+----------------+-------+---------------------------------------+
; Parameter Name ; Value ; Type                                  ;
+----------------+-------+---------------------------------------+
; BYTE_WIDTH     ; 8     ; Signed Integer                        ;
; ADDRESS_WIDTH  ; 32    ; Signed Integer                        ;
; DEPTH          ; 1200  ; Signed Integer                        ;
; BYTES          ; 4     ; Signed Integer                        ;
; DATA_WIDTH_R   ; 32    ; Signed Integer                        ;
+----------------+-------+---------------------------------------+
Note: In order to hide this table in the UI and the text report file, please set the "Show Parameter Settings in Synthesis Report" option in "Analysis and Synthesis Settings -> More Settings" to "Off".


+--------------------------------------------------------+
; Parameter Settings for User Entity Instance: vga:video ;
+----------------+-------+-------------------------------+
; Parameter Name ; Value ; Type                          ;
+----------------+-------+-------------------------------+
; VGA_BITS       ; 8     ; Signed Integer                ;
+----------------+-------+-------------------------------+
Note: In order to hide this table in the UI and the text report file, please set the "Show Parameter Settings in Synthesis Report" option in "Analysis and Synthesis Settings -> More Settings" to "Off".


+----------------------------------------------------------------------------------------------+
; Parameter Settings for Inferred Entity Instance: blockram:blockram|altsyncram:ram_rtl_0      ;
+------------------------------------+----------------------------------------+----------------+
; Parameter Name                     ; Value                                  ; Type           ;
+------------------------------------+----------------------------------------+----------------+
; BYTE_SIZE_BLOCK                    ; 8                                      ; Untyped        ;
; AUTO_CARRY_CHAINS                  ; ON                                     ; AUTO_CARRY     ;
; IGNORE_CARRY_BUFFERS               ; OFF                                    ; IGNORE_CARRY   ;
; AUTO_CASCADE_CHAINS                ; ON                                     ; AUTO_CASCADE   ;
; IGNORE_CASCADE_BUFFERS             ; OFF                                    ; IGNORE_CASCADE ;
; WIDTH_BYTEENA                      ; 1                                      ; Untyped        ;
; OPERATION_MODE                     ; BIDIR_DUAL_PORT                        ; Untyped        ;
; WIDTH_A                            ; 32                                     ; Untyped        ;
; WIDTHAD_A                          ; 11                                     ; Untyped        ;
; NUMWORDS_A                         ; 1200                                   ; Untyped        ;
; OUTDATA_REG_A                      ; UNREGISTERED                           ; Untyped        ;
; ADDRESS_ACLR_A                     ; NONE                                   ; Untyped        ;
; OUTDATA_ACLR_A                     ; NONE                                   ; Untyped        ;
; WRCONTROL_ACLR_A                   ; NONE                                   ; Untyped        ;
; INDATA_ACLR_A                      ; NONE                                   ; Untyped        ;
; BYTEENA_ACLR_A                     ; NONE                                   ; Untyped        ;
; WIDTH_B                            ; 32                                     ; Untyped        ;
; WIDTHAD_B                          ; 11                                     ; Untyped        ;
; NUMWORDS_B                         ; 1200                                   ; Untyped        ;
; INDATA_REG_B                       ; CLOCK0                                 ; Untyped        ;
; WRCONTROL_WRADDRESS_REG_B          ; CLOCK0                                 ; Untyped        ;
; RDCONTROL_REG_B                    ; CLOCK1                                 ; Untyped        ;
; ADDRESS_REG_B                      ; CLOCK0                                 ; Untyped        ;
; OUTDATA_REG_B                      ; UNREGISTERED                           ; Untyped        ;
; BYTEENA_REG_B                      ; CLOCK0                                 ; Untyped        ;
; INDATA_ACLR_B                      ; NONE                                   ; Untyped        ;
; WRCONTROL_ACLR_B                   ; NONE                                   ; Untyped        ;
; ADDRESS_ACLR_B                     ; NONE                                   ; Untyped        ;
; OUTDATA_ACLR_B                     ; NONE                                   ; Untyped        ;
; RDCONTROL_ACLR_B                   ; NONE                                   ; Untyped        ;
; BYTEENA_ACLR_B                     ; NONE                                   ; Untyped        ;
; WIDTH_BYTEENA_A                    ; 4                                      ; Untyped        ;
; WIDTH_BYTEENA_B                    ; 4                                      ; Untyped        ;
; RAM_BLOCK_TYPE                     ; AUTO                                   ; Untyped        ;
; BYTE_SIZE                          ; 8                                      ; Untyped        ;
; READ_DURING_WRITE_MODE_MIXED_PORTS ; OLD_DATA                               ; Untyped        ;
; READ_DURING_WRITE_MODE_PORT_A      ; OLD_DATA                               ; Untyped        ;
; READ_DURING_WRITE_MODE_PORT_B      ; NEW_DATA_NO_NBE_READ                   ; Untyped        ;
; INIT_FILE                          ; db/proj.ram0_blockram_f5c15379.hdl.mif ; Untyped        ;
; INIT_FILE_LAYOUT                   ; PORT_A                                 ; Untyped        ;
; MAXIMUM_DEPTH                      ; 0                                      ; Untyped        ;
; CLOCK_ENABLE_INPUT_A               ; NORMAL                                 ; Untyped        ;
; CLOCK_ENABLE_INPUT_B               ; NORMAL                                 ; Untyped        ;
; CLOCK_ENABLE_OUTPUT_A              ; NORMAL                                 ; Untyped        ;
; CLOCK_ENABLE_OUTPUT_B              ; NORMAL                                 ; Untyped        ;
; CLOCK_ENABLE_CORE_A                ; USE_INPUT_CLKEN                        ; Untyped        ;
; CLOCK_ENABLE_CORE_B                ; USE_INPUT_CLKEN                        ; Untyped        ;
; ENABLE_ECC                         ; FALSE                                  ; Untyped        ;
; ECC_PIPELINE_STAGE_ENABLED         ; FALSE                                  ; Untyped        ;
; WIDTH_ECCSTATUS                    ; 3                                      ; Untyped        ;
; DEVICE_FAMILY                      ; Cyclone IV E                           ; Untyped        ;
; CBXI_PARAMETER                     ; altsyncram_faa2                        ; Untyped        ;
+------------------------------------+----------------------------------------+----------------+
Note: In order to hide this table in the UI and the text report file, please set the "Show Parameter Settings in Synthesis Report" option in "Analysis and Synthesis Settings -> More Settings" to "Off".


+------------------------------------------------------------------------------------+
; altsyncram Parameter Settings by Entity Instance                                   ;
+-------------------------------------------+----------------------------------------+
; Name                                      ; Value                                  ;
+-------------------------------------------+----------------------------------------+
; Number of entity instances                ; 1                                      ;
; Entity Instance                           ; blockram:blockram|altsyncram:ram_rtl_0 ;
;     -- OPERATION_MODE                     ; BIDIR_DUAL_PORT                        ;
;     -- WIDTH_A                            ; 32                                     ;
;     -- NUMWORDS_A                         ; 1200                                   ;
;     -- OUTDATA_REG_A                      ; UNREGISTERED                           ;
;     -- WIDTH_B                            ; 32                                     ;
;     -- NUMWORDS_B                         ; 1200                                   ;
;     -- ADDRESS_REG_B                      ; CLOCK0                                 ;
;     -- OUTDATA_REG_B                      ; UNREGISTERED                           ;
;     -- RAM_BLOCK_TYPE                     ; AUTO                                   ;
;     -- READ_DURING_WRITE_MODE_MIXED_PORTS ; OLD_DATA                               ;
+-------------------------------------------+----------------------------------------+


+-----------------------------------------------------+
; Post-Synthesis Netlist Statistics for Top Partition ;
+-----------------------+-----------------------------+
; Type                  ; Count                       ;
+-----------------------+-----------------------------+
; boundary_port         ; 30                          ;
; cycloneiii_ff         ; 1083                        ;
;     ENA               ; 1036                        ;
;     SLD               ; 30                          ;
;     plain             ; 17                          ;
; cycloneiii_lcell_comb ; 3422                        ;
;     arith             ; 278                         ;
;         2 data inputs ; 54                          ;
;         3 data inputs ; 224                         ;
;     normal            ; 3144                        ;
;         0 data inputs ; 3                           ;
;         1 data inputs ; 7                           ;
;         2 data inputs ; 49                          ;
;         3 data inputs ; 347                         ;
;         4 data inputs ; 2738                        ;
; cycloneiii_ram_block  ; 32                          ;
;                       ;                             ;
; Max LUT depth         ; 28.00                       ;
; Average LUT depth     ; 19.53                       ;
+-----------------------+-----------------------------+


+-------------------------------+
; Elapsed Time Per Partition    ;
+----------------+--------------+
; Partition Name ; Elapsed Time ;
+----------------+--------------+
; Top            ; 00:00:22     ;
+----------------+--------------+


+-------------------------------+
; Analysis & Synthesis Messages ;
+-------------------------------+
Info: *******************************************************************
Info: Running Quartus Prime Analysis & Synthesis
    Info: Version 22.1std.2 Build 922 07/20/2023 SC Lite Edition
    Info: Copyright (C) 2023  Intel Corporation. All rights reserved.
    Info: Your use of Intel Corporation's design tools, logic functions 
    Info: and other software and tools, and any partner logic 
    Info: functions, and any output files from any of the foregoing 
    Info: (including device programming or simulation files), and any 
    Info: associated documentation or information are expressly subject 
    Info: to the terms and conditions of the Intel Program License 
    Info: Subscription Agreement, the Intel Quartus Prime License Agreement,
    Info: the Intel FPGA IP License Agreement, or other applicable license
    Info: agreement, including, without limitation, that your use is for
    Info: the sole purpose of programming logic devices manufactured by
    Info: Intel and sold by Intel or its authorized distributors.  Please
    Info: refer to the applicable agreement for further details, at
    Info: https://fpgasoftware.intel.com/eula.
    Info: Processing started: Fri Nov 17 19:41:31 2023
Info: Command: quartus_map --64bit --read_settings_files=on proj
Warning (18236): Number of processors has not been specified which may cause overloading on shared machines.  Set the global assignment NUM_PARALLEL_PROCESSORS in your QSF to an appropriate value for best performance.
Info (20030): Parallel compilation is enabled and will use 4 of the 4 processors detected
Warning (12125): Using design file top.v, which is not specified as a design file for the current project, but contains definitions for 1 design units and 1 entities in project
    Info (12023): Found entity 1: top File: /home/martins/Documents/Frankens_RISCV/Frankenstein_monociclo/top.v Line: 10
Info (12127): Elaborating entity "top" for the top level hierarchy
Warning (12125): Using design file power_on_reset.v, which is not specified as a design file for the current project, but contains definitions for 1 design units and 1 entities in project
    Info (12023): Found entity 1: power_on_reset File: /home/martins/Documents/Frankens_RISCV/Frankenstein_monociclo/power_on_reset.v Line: 3
Info (12128): Elaborating entity "power_on_reset" for hierarchy "power_on_reset:power_on_reset" File: /home/martins/Documents/Frankens_RISCV/Frankenstein_monociclo/top.v Line: 25
Warning (10230): Verilog HDL assignment warning at power_on_reset.v(10): truncated value with size 4 to match size of target (3) File: /home/martins/Documents/Frankens_RISCV/Frankenstein_monociclo/power_on_reset.v Line: 10
Warning (12125): Using design file franken_riscv.v, which is not specified as a design file for the current project, but contains definitions for 2 design units and 2 entities in project
    Info (12023): Found entity 1: franken_riscv File: /home/martins/Documents/Frankens_RISCV/Frankenstein_monociclo/franken_riscv.v Line: 3
    Info (12023): Found entity 2: regfile File: /home/martins/Documents/Frankens_RISCV/Frankenstein_monociclo/franken_riscv.v Line: 236
Info (12128): Elaborating entity "franken_riscv" for hierarchy "franken_riscv:franken_riscv" File: /home/martins/Documents/Frankens_RISCV/Frankenstein_monociclo/top.v Line: 28
Info (12128): Elaborating entity "regfile" for hierarchy "franken_riscv:franken_riscv|regfile:regs" File: /home/martins/Documents/Frankens_RISCV/Frankenstein_monociclo/franken_riscv.v Line: 231
Warning (12125): Using design file imem.sv, which is not specified as a design file for the current project, but contains definitions for 1 design units and 1 entities in project
    Info (12023): Found entity 1: imem File: /home/martins/Documents/Frankens_RISCV/Frankenstein_monociclo/imem.sv Line: 4
Info (12128): Elaborating entity "imem" for hierarchy "imem:imem" File: /home/martins/Documents/Frankens_RISCV/Frankenstein_monociclo/top.v Line: 31
Warning (10030): Net "RAM.data_a" at imem.sv(8) has no driver or initial value, using a default initial value '0' File: /home/martins/Documents/Frankens_RISCV/Frankenstein_monociclo/imem.sv Line: 8
Warning (10030): Net "RAM.waddr_a" at imem.sv(8) has no driver or initial value, using a default initial value '0' File: /home/martins/Documents/Frankens_RISCV/Frankenstein_monociclo/imem.sv Line: 8
Warning (10030): Net "RAM.we_a" at imem.sv(8) has no driver or initial value, using a default initial value '0' File: /home/martins/Documents/Frankens_RISCV/Frankenstein_monociclo/imem.sv Line: 8
Warning (12125): Using design file blockram.sv, which is not specified as a design file for the current project, but contains definitions for 1 design units and 1 entities in project
    Info (12023): Found entity 1: blockram File: /home/martins/Documents/Frankens_RISCV/Frankenstein_monociclo/blockram.sv Line: 6
Info (12128): Elaborating entity "blockram" for hierarchy "blockram:blockram" File: /home/martins/Documents/Frankens_RISCV/Frankenstein_monociclo/top.v Line: 33
Warning (12125): Using design file vga.v, which is not specified as a design file for the current project, but contains definitions for 1 design units and 1 entities in project
    Info (12023): Found entity 1: vga File: /home/martins/Documents/Frankens_RISCV/Frankenstein_monociclo/vga.v Line: 5
Info (12128): Elaborating entity "vga" for hierarchy "vga:video" File: /home/martins/Documents/Frankens_RISCV/Frankenstein_monociclo/top.v Line: 36
Info (276014): Found 1 instances of uninferred RAM logic
    Info (276007): RAM logic "franken_riscv:franken_riscv|regfile:regs|rf" is uninferred due to asynchronous read logic File: /home/martins/Documents/Frankens_RISCV/Frankenstein_monociclo/franken_riscv.v Line: 242
Warning (127007): Memory Initialization File or Hexadecimal (Intel-Format) File "/home/martins/Documents/Frankens_RISCV/Frankenstein_monociclo/db/proj.ram0_imem_37c714.hdl.mif" contains "don't care" values -- overwriting them with 0s
Info (19000): Inferred 1 megafunctions from design logic
    Info (276029): Inferred altsyncram megafunction from the following design logic: "blockram:blockram|ram_rtl_0" 
        Info (286033): Parameter OPERATION_MODE set to BIDIR_DUAL_PORT
        Info (286033): Parameter WIDTH_A set to 32
        Info (286033): Parameter WIDTH_B set to 32
        Info (286033): Parameter WIDTHAD_A set to 11
        Info (286033): Parameter WIDTHAD_B set to 11
        Info (286033): Parameter NUMWORDS_A set to 1200
        Info (286033): Parameter NUMWORDS_B set to 1200
        Info (286033): Parameter WIDTH_BYTEENA_A set to 4
        Info (286033): Parameter WIDTH_BYTEENA_B set to 4
        Info (286033): Parameter OUTDATA_REG_A set to UNREGISTERED
        Info (286033): Parameter OUTDATA_REG_B set to UNREGISTERED
        Info (286033): Parameter ADDRESS_REG_B set to CLOCK0
        Info (286033): Parameter INDATA_REG_B set to CLOCK0
        Info (286033): Parameter WRCONTROL_WRADDRESS_REG_B set to CLOCK0
        Info (286033): Parameter BYTEENA_REG_B set to CLOCK0
        Info (286033): Parameter INDATA_ACLR_A set to NONE
        Info (286033): Parameter WRCONTROL_ACLR_A set to NONE
        Info (286033): Parameter ADDRESS_ACLR_A set to NONE
        Info (286033): Parameter ADDRESS_ACLR_B set to NONE
        Info (286033): Parameter OUTDATA_ACLR_B set to NONE
        Info (286033): Parameter READ_DURING_WRITE_MODE_PORT_A set to OLD_DATA
        Info (286033): Parameter INIT_FILE set to db/proj.ram0_blockram_f5c15379.hdl.mif
        Info (286033): Parameter READ_DURING_WRITE_MODE_MIXED_PORTS set to OLD_DATA
Info (12130): Elaborated megafunction instantiation "blockram:blockram|altsyncram:ram_rtl_0"
Info (12133): Instantiated megafunction "blockram:blockram|altsyncram:ram_rtl_0" with the following parameter:
    Info (12134): Parameter "OPERATION_MODE" = "BIDIR_DUAL_PORT"
    Info (12134): Parameter "WIDTH_A" = "32"
    Info (12134): Parameter "WIDTH_B" = "32"
    Info (12134): Parameter "WIDTHAD_A" = "11"
    Info (12134): Parameter "WIDTHAD_B" = "11"
    Info (12134): Parameter "NUMWORDS_A" = "1200"
    Info (12134): Parameter "NUMWORDS_B" = "1200"
    Info (12134): Parameter "WIDTH_BYTEENA_A" = "4"
    Info (12134): Parameter "WIDTH_BYTEENA_B" = "4"
    Info (12134): Parameter "OUTDATA_REG_A" = "UNREGISTERED"
    Info (12134): Parameter "OUTDATA_REG_B" = "UNREGISTERED"
    Info (12134): Parameter "ADDRESS_REG_B" = "CLOCK0"
    Info (12134): Parameter "INDATA_REG_B" = "CLOCK0"
    Info (12134): Parameter "WRCONTROL_WRADDRESS_REG_B" = "CLOCK0"
    Info (12134): Parameter "BYTEENA_REG_B" = "CLOCK0"
    Info (12134): Parameter "INDATA_ACLR_A" = "NONE"
    Info (12134): Parameter "WRCONTROL_ACLR_A" = "NONE"
    Info (12134): Parameter "ADDRESS_ACLR_A" = "NONE"
    Info (12134): Parameter "ADDRESS_ACLR_B" = "NONE"
    Info (12134): Parameter "OUTDATA_ACLR_B" = "NONE"
    Info (12134): Parameter "READ_DURING_WRITE_MODE_PORT_A" = "OLD_DATA"
    Info (12134): Parameter "INIT_FILE" = "db/proj.ram0_blockram_f5c15379.hdl.mif"
    Info (12134): Parameter "READ_DURING_WRITE_MODE_MIXED_PORTS" = "OLD_DATA"
Info (12021): Found 1 design units, including 1 entities, in source file db/altsyncram_faa2.tdf
    Info (12023): Found entity 1: altsyncram_faa2 File: /home/martins/Documents/Frankens_RISCV/Frankenstein_monociclo/db/altsyncram_faa2.tdf Line: 28
Warning (13024): Output pins are stuck at VCC or GND
    Warning (13410): Pin "VGA_BLANK_N" is stuck at VCC File: /home/martins/Documents/Frankens_RISCV/Frankenstein_monociclo/top.v Line: 15
    Warning (13410): Pin "VGA_SYNC_N" is stuck at GND File: /home/martins/Documents/Frankens_RISCV/Frankenstein_monociclo/top.v Line: 15
Info (286030): Timing-Driven Synthesis is running
Info (144001): Generated suppressed messages file /home/martins/Documents/Frankens_RISCV/Frankenstein_monociclo/proj.map.smsg
Info (16010): Generating hard_block partition "hard_block:auto_generated_inst"
    Info (16011): Adding 0 node(s), including 0 DDIO, 0 PLL, 0 transceiver and 0 LCELL
Info (21057): Implemented 4508 device resources after synthesis - the final resource count might be different
    Info (21058): Implemented 1 input pins
    Info (21059): Implemented 29 output pins
    Info (21061): Implemented 4446 logic cells
    Info (21064): Implemented 32 RAM segments
Info: Quartus Prime Analysis & Synthesis was successful. 0 errors, 15 warnings
    Info: Peak virtual memory: 427 megabytes
    Info: Processing ended: Fri Nov 17 19:42:00 2023
    Info: Elapsed time: 00:00:29
    Info: Total CPU time (on all processors): 00:00:35


+------------------------------------------+
; Analysis & Synthesis Suppressed Messages ;
+------------------------------------------+
The suppressed messages can be found in /home/martins/Documents/Frankens_RISCV/Frankenstein_monociclo/proj.map.smsg.


