Info: *******************************************************************
Info: Running Quartus Prime Shell
    Info: Version 22.1std.2 Build 922 07/20/2023 SC Lite Edition
    Info: Copyright (C) 2023  Intel Corporation. All rights reserved.
    Info: Your use of Intel Corporation's design tools, logic functions 
    Info: and other software and tools, and any partner logic 
    Info: functions, and any output files from any of the foregoing 
    Info: (including device programming or simulation files), and any 
    Info: associated documentation or information are expressly subject 
    Info: to the terms and conditions of the Intel Program License 
    Info: Subscription Agreement, the Intel Quartus Prime License Agreement,
    Info: the Intel FPGA IP License Agreement, or other applicable license
    Info: agreement, including, without limitation, that your use is for
    Info: the sole purpose of programming logic devices manufactured by
    Info: Intel and sold by Intel or its authorized distributors.  Please
    Info: refer to the applicable agreement for further details, at
    Info: https://fpgasoftware.intel.com/eula.
    Info: Processing started: Fri Nov 17 19:44:46 2023
Info: Command: quartus_sh --64bit --determine_smart_action proj
Info: Quartus(args): proj
Info: SMART_ACTION = DONE
Info: Nothing done
Info (23030): Evaluation of Tcl script /home/martins/intelFPGA_lite/22.1std/quartus/common/tcl/internal/qsh_smart.tcl was successful
Info: Quartus Prime Shell was successful. 0 errors, 0 warnings
    Info: Peak virtual memory: 491 megabytes
    Info: Processing ended: Fri Nov 17 19:44:46 2023
    Info: Elapsed time: 00:00:00
    Info: Total CPU time (on all processors): 00:00:00
